  Circle.cpp
  Engine.cpp
C:\Users\tatia\source\repos\GameEngineLearning\GeometricBounces\src\Engine.cpp(228,37): warning C4267: аргумент: преобразование из "size_t" в "uint8_t"; возможна потеря данных
  Entity.cpp
C:\Users\tatia\source\repos\GameEngineLearning\GeometricBounces\src\Entity.cpp(29,70): warning C4244: аргумент: преобразование "const float" в "sf::Uint8", возможна потеря данных
C:\Users\tatia\source\repos\GameEngineLearning\GeometricBounces\src\Entity.cpp(29,60): warning C4244: аргумент: преобразование "const float" в "sf::Uint8", возможна потеря данных
C:\Users\tatia\source\repos\GameEngineLearning\GeometricBounces\src\Entity.cpp(29,50): warning C4244: аргумент: преобразование "const float" в "sf::Uint8", возможна потеря данных
  main.cpp
  Rectangle.cpp
  imgui-SFML.cpp
  imgui.cpp
  imgui_demo.cpp
  imgui_draw.cpp
  imgui_tables.cpp
  imgui_widgets.cpp
  Создание кода
  Previous IPDB not found, fall back to full compilation.
  All 2272 functions were compiled because no usable IPDB/IOBJ from previous compilation was found.
  Создание кода завершено
  GeometricBounces.vcxproj -> C:\Users\tatia\source\repos\GameEngineLearning\GeometricBounces\bin\x64\Release\GeometricBounces.exe
  C:\Users\tatia\source\repos\GameEngineLearning\GeometricBounces\resources\fonts\tech.ttf
  1 File(s) copied
  C:\Users\tatia\source\repos\GameEngineLearning\GeometricBounces\configs\config.txt
  1 File(s) copied
